18:08:04.633  366  DEBUG fr.sparna.rdf.xls2rdf.app.Convert - Will use output format : text/turtle
18:08:04.639  372  DEBUG fr.sparna.rdf.xls2rdf.app.Convert - Will use ModelWriter : fr.sparna.rdf.xls2rdf.OutputStreamModelWriter
18:08:05.287  1020 DEBUG f.s.rdf.xls2rdf.Xls2RdfConverter - Processing sheet: Sheet1
18:08:05.292  1025 INFO  f.sparna.rdf.xls2rdf.RdfizableSheet - Found proper property in header : http://ontology.deic.org/cv/last-test/
18:08:05.295  1028 INFO  f.sparna.rdf.xls2rdf.RdfizableSheet - Found proper property in header : http://www.w3.org/2004/02/skos/core#
18:08:05.296  1029 INFO  f.sparna.rdf.xls2rdf.RdfizableSheet - Found proper property in header : http://purl.org/pav/
18:08:05.297  1030 INFO  f.sparna.rdf.xls2rdf.RdfizableSheet - Found proper property in header : http://purl.org/dc/terms/
18:08:05.299  1032 INFO  f.sparna.rdf.xls2rdf.RdfizableSheet - Found proper property in header : http://qudt.org/schema/qudt/
18:08:05.300  1033 INFO  f.sparna.rdf.xls2rdf.RdfizableSheet - Found proper property in header : http://qudt.org/vocab/unit/
18:08:05.306  1039 ERROR f.s.rdf.xls2rdf.ColumnHeaderParser - Unsuccessfull parsing of header parameters for header 'Date when vocabulary was initially created (follow https://en.wikipedia.org/wiki/ISO_8601)', Exception is java.lang.ArrayIndexOutOfBoundsException : Index 1 out of bounds for length 1
18:08:05.311  1044 INFO  f.sparna.rdf.xls2rdf.RdfizableSheet - Found proper property in header : http://www.w3.org/2004/02/skos/core#prefLabel
18:08:05.312  1045 INFO  f.sparna.rdf.xls2rdf.RdfizableSheet - Found proper property in header : http://qudt.org/schema/qudt/unit
18:08:05.312  1045 INFO  f.sparna.rdf.xls2rdf.RdfizableSheet - Found proper property in header : http://www.w3.org/2004/02/skos/core#altLabel
18:08:05.312  1045 INFO  f.sparna.rdf.xls2rdf.RdfizableSheet - Found proper property in header : http://www.w3.org/2004/02/skos/core#definition
18:08:05.312  1045 INFO  f.sparna.rdf.xls2rdf.RdfizableSheet - Found proper property in header : http://purl.org/dc/terms/source
18:08:05.312  1045 INFO  f.sparna.rdf.xls2rdf.RdfizableSheet - Found proper property in header : http://www.w3.org/2004/02/skos/core#broader
18:08:05.312  1045 INFO  f.sparna.rdf.xls2rdf.RdfizableSheet - Found proper property in header : http://www.w3.org/2004/02/skos/core#exactMatch
18:08:05.312  1045 INFO  f.sparna.rdf.xls2rdf.RdfizableSheet - Found proper property in header : http://www.w3.org/2004/02/skos/core#closeMatch
18:08:05.312  1045 INFO  f.sparna.rdf.xls2rdf.RdfizableSheet - Found proper property in header : http://www.w3.org/2004/02/skos/core#editorialNote
18:08:05.313  1046 INFO  f.sparna.rdf.xls2rdf.RdfizableSheet - Found at least 2 headers with proper property declaration in the first 10 columns, title row is at index 17
18:08:05.316  1049 DEBUG f.s.rdf.xls2rdf.Xls2RdfConverter - Found title row at index 17
18:08:05.319  1052 DEBUG f.s.rdf.xls2rdf.Xls2RdfConverter - Adding value on header object "last test" with lang en
18:08:05.323  1056 DEBUG f.s.rdf.xls2rdf.Xls2RdfConverter - Adding value on header object "this is the last test" with lang en
18:08:05.323  1056 DEBUG f.s.rdf.xls2rdf.Xls2RdfConverter - Adding value on header object "Hannah" with lang en
18:08:05.326  1059 ERROR f.s.rdf.xls2rdf.ColumnHeaderParser - Unsuccessfull parsing of header parameters for header 'Definition of terms (optionally properties)', Exception is java.lang.ArrayIndexOutOfBoundsException : Index 1 out of bounds for length 1
18:08:05.326  1059 DEBUG f.s.rdf.xls2rdf.Xls2RdfConverter - Converting data with these column headers: 
18:08:05.326  1059 DEBUG f.s.rdf.xls2rdf.Xls2RdfConverter - ColumnHeader [originalValue=Identifier, language=Optional.empty, datatype=Optional.empty, property=null, declaredProperty=Identifier, inverse=false, parameters={}, id=null, reconcileOn=null, headerCell=Identifier]
18:08:05.329  1062 DEBUG f.s.rdf.xls2rdf.Xls2RdfConverter - ColumnHeader [originalValue=skos:prefLabel@en, language=Optional[en], datatype=Optional.empty, property=http://www.w3.org/2004/02/skos/core#prefLabel, declaredProperty=skos:prefLabel, inverse=false, parameters={}, id=null, reconcileOn=null, headerCell=skos:prefLabel@en]
18:08:05.329  1062 DEBUG f.s.rdf.xls2rdf.Xls2RdfConverter - ColumnHeader [originalValue=qudt:unit(separator=","), language=Optional.empty, datatype=Optional.empty, property=http://qudt.org/schema/qudt/unit, declaredProperty=qudt:unit, inverse=false, parameters={separator=,}, id=null, reconcileOn=null, headerCell=qudt:unit(separator=",")]
18:08:05.329  1062 DEBUG f.s.rdf.xls2rdf.Xls2RdfConverter - ColumnHeader [originalValue=skos:altLabel(separator=";"), language=Optional.empty, datatype=Optional.empty, property=http://www.w3.org/2004/02/skos/core#altLabel, declaredProperty=skos:altLabel, inverse=false, parameters={separator=;}, id=null, reconcileOn=null, headerCell=skos:altLabel(separator=";")]
18:08:05.329  1062 DEBUG f.s.rdf.xls2rdf.Xls2RdfConverter - ColumnHeader [originalValue=skos:definition@en, language=Optional[en], datatype=Optional.empty, property=http://www.w3.org/2004/02/skos/core#definition, declaredProperty=skos:definition, inverse=false, parameters={}, id=null, reconcileOn=null, headerCell=skos:definition@en]
18:08:05.330  1063 DEBUG f.s.rdf.xls2rdf.Xls2RdfConverter - ColumnHeader [originalValue=dct:source(separator=","), language=Optional.empty, datatype=Optional.empty, property=http://purl.org/dc/terms/source, declaredProperty=dct:source, inverse=false, parameters={separator=,}, id=null, reconcileOn=null, headerCell=dct:source(separator=",")]
18:08:05.330  1063 DEBUG f.s.rdf.xls2rdf.Xls2RdfConverter - ColumnHeader [originalValue=skos:broader(separator=","), language=Optional.empty, datatype=Optional.empty, property=http://www.w3.org/2004/02/skos/core#broader, declaredProperty=skos:broader, inverse=false, parameters={separator=,}, id=null, reconcileOn=null, headerCell=skos:broader(separator=",")]
18:08:05.330  1063 DEBUG f.s.rdf.xls2rdf.Xls2RdfConverter - ColumnHeader [originalValue=skos:exactMatch(separator=","), language=Optional.empty, datatype=Optional.empty, property=http://www.w3.org/2004/02/skos/core#exactMatch, declaredProperty=skos:exactMatch, inverse=false, parameters={separator=,}, id=null, reconcileOn=null, headerCell=skos:exactMatch(separator=",")]
18:08:05.330  1063 DEBUG f.s.rdf.xls2rdf.Xls2RdfConverter - ColumnHeader [originalValue=skos:closeMatch(separator=","), language=Optional.empty, datatype=Optional.empty, property=http://www.w3.org/2004/02/skos/core#closeMatch, declaredProperty=skos:closeMatch, inverse=false, parameters={separator=,}, id=null, reconcileOn=null, headerCell=skos:closeMatch(separator=",")]
18:08:05.330  1063 DEBUG f.s.rdf.xls2rdf.Xls2RdfConverter - ColumnHeader [originalValue=skos:editorialNote@en, language=Optional[en], datatype=Optional.empty, property=http://www.w3.org/2004/02/skos/core#editorialNote, declaredProperty=skos:editorialNote, inverse=false, parameters={}, id=null, reconcileOn=null, headerCell=skos:editorialNote@en]
18:08:05.330  1063 DEBUG f.s.rdf.xls2rdf.Xls2RdfConverter - ColumnHeader [originalValue=dct:creator(separator=","), language=Optional.empty, datatype=Optional.empty, property=http://purl.org/dc/terms/creator, declaredProperty=dct:creator, inverse=false, parameters={separator=,}, id=null, reconcileOn=null, headerCell=dct:creator(separator=",")]
18:08:05.331  1064 DEBUG f.s.rdf.xls2rdf.Xls2RdfConverter - ColumnHeader [originalValue=dct:contributor(separator=","), language=Optional.empty, datatype=Optional.empty, property=http://purl.org/dc/terms/contributor, declaredProperty=dct:contributor, inverse=false, parameters={separator=,}, id=null, reconcileOn=null, headerCell=dct:contributor(separator=",")]
18:08:05.331  1064 INFO  f.s.rdf.xls2rdf.Xls2RdfConverter - Converting rows...
18:08:05.387  1120 INFO  f.s.rdf.xls2rdf.Xls2RdfConverter - Applying SKOS post-processings on the result
18:08:05.388  1121 DEBUG f.s.rdf.xls2rdf.SkosPostProcessor - Postprocessing : SkosPostProcessor
18:08:05.389  1122 DEBUG f.s.rdf.xls2rdf.SkosPostProcessor - Considering main resource like a ConceptScheme.
18:08:05.398  1131 DEBUG f.s.rdf.xls2rdf.SkosPostProcessor - Adding inverse skos:broader and skos:narrower
18:08:05.400  1133 DEBUG f.s.rdf.xls2rdf.SkosPostProcessor - Adding skos:inScheme
18:08:05.401  1134 DEBUG f.s.rdf.xls2rdf.SkosPostProcessor - Setting rdf:type skos:ConceptScheme to main resource
18:08:05.401  1134 DEBUG f.s.rdf.xls2rdf.SkosPostProcessor - Adding skos:hasTopConcept / skos:topConceptOf
18:08:05.403  1136 DEBUG f.s.rdf.xls2rdf.Xls2RdfConverter - Saving graph of 13 statements generated from Sheet Sheet1
